<?xml version="1.0" encoding="UTF-8" ?>
<testsuite tests="70" failures="0" name="com.intive.patronage.test.features.TestRunner" time="7.51" errors="0" skipped="0">
  <properties>
[...]
</properties>
  <testcase classname="Scenario: User has been already registered" name="Given I am on the authentication form page" time="0.002"/>
  <testcase classname="Scenario: User has been already registered" name="When I enter email address &quot;test@migmail.pl&quot;" time="0"/>
  <testcase classname="Scenario: User has been already registered" name="And I press CreateAnAccount button" time="0"/>
  <testcase classname="Scenario: User has been already registered" name="Then I should see account create error message" time="0"/>
  <testcase classname="Scenario: User has been already registered" name="Scenario: User has been already registered" time="0.652"/>
  <testcase classname="Scenario: User successfully authenticate to the application" name="Given I am on the authentication form page" time="0"/>
  <testcase classname="Scenario: User successfully authenticate to the application" name="When I enter valid email address &quot;test@migmail.pl&quot; and password &quot;test1&quot;" time="0"/>
  <testcase classname="Scenario: User successfully authenticate to the application" name="And I press SignIn button" time="0"/>
  <testcase classname="Scenario: User successfully authenticate to the application" name="Then My account page should be open" time="0"/>
  <testcase classname="Scenario: User successfully authenticate to the application" name="And I should see My personal information button" time="0"/>
  <testcase classname="Scenario: User successfully authenticate to the application" name="Scenario: User successfully authenticate to the application" time="0.65"/>
  <testcase classname="| test@migmail.pl | test2 |" name="Given I am on the authentication form page" time="0"/>
  <testcase classname="| test@migmail.pl | test2 |" name="When I enter valid email address &quot;test@migmail.pl&quot; and invalid password &quot;test2&quot;" time="0"/>
  <testcase classname="| test@migmail.pl | test2 |" name="And I press SignIn button" time="0"/>
  <testcase classname="| test@migmail.pl | test2 |" name="Then I should see error message" time="0"/>
  <testcase classname="| test@migmail.pl | test2 |" name="| test@migmail.pl | test2 |" time="0.678"/>
  <testcase classname="| test@migmail.pl | testtest |" name="Given I am on the authentication form page" time="0"/>
  <testcase classname="| test@migmail.pl | testtest |" name="When I enter valid email address &quot;test@migmail.pl&quot; and invalid password &quot;testtest&quot;" time="0"/>
  <testcase classname="| test@migmail.pl | testtest |" name="And I press SignIn button" time="0"/>
  <testcase classname="| test@migmail.pl | testtest |" name="Then I should see error message" time="0"/>
  <testcase classname="| test@migmail.pl | testtest |" name="| test@migmail.pl | testtest |" time="0.687"/>
  <testcase classname="Scenario: Unregistered user failed authenticate to the application" name="Given I am on the authentication form page" time="0"/>
  <testcase classname="Scenario: Unregistered user failed authenticate to the application" name="When I enter login &quot;newUser@test.com&quot; and password &quot;newPassword&quot;" time="0"/>
  <testcase classname="Scenario: Unregistered user failed authenticate to the application" name="And I press SignIn button" time="0"/>
  <testcase classname="Scenario: Unregistered user failed authenticate to the application" name="Then I should see error message" time="0"/>
  <testcase classname="Scenario: Unregistered user failed authenticate to the application" name="Scenario: Unregistered user failed authenticate to the application" time="0.69"/>
  <testcase classname="| testtest |" name="Given I am on the authentication form page" time="0"/>
  <testcase classname="| testtest |" name="When I enter &quot;testtest&quot; in EmailAdress field" time="0"/>
  <testcase classname="| testtest |" name="And I press SignIn button" time="0"/>
  <testcase classname="| testtest |" name="Then I should see error message Invalid email address" time="0"/>
  <testcase classname="| testtest |" name="| testtest |" time="0.681"/>
  <testcase classname="| test@test@com |" name="Given I am on the authentication form page" time="0"/>
  <testcase classname="| test@test@com |" name="When I enter &quot;test@test@com&quot; in EmailAdress field" time="0"/>
  <testcase classname="| test@test@com |" name="And I press SignIn button" time="0"/>
  <testcase classname="| test@test@com |" name="Then I should see error message Invalid email address" time="0.001"/>
  <testcase classname="| test@test@com |" name="| test@test@com |" time="0.713"/>
  <testcase classname="| @test.com |" name="Given I am on the authentication form page" time="0"/>
  <testcase classname="| @test.com |" name="When I enter &quot;@test.com&quot; in EmailAdress field" time="0"/>
  <testcase classname="| @test.com |" name="And I press SignIn button" time="0"/>
  <testcase classname="| @test.com |" name="Then I should see error message Invalid email address" time="0"/>
  <testcase classname="| @test.com |" name="| @test.com |" time="0.672"/>
  <testcase classname="| test.test.com |" name="Given I am on the authentication form page" time="0"/>
  <testcase classname="| test.test.com |" name="When I enter &quot;test.test.com&quot; in EmailAdress field" time="0"/>
  <testcase classname="| test.test.com |" name="And I press SignIn button" time="0"/>
  <testcase classname="| test.test.com |" name="Then I should see error message Invalid email address" time="0"/>
  <testcase classname="| test.test.com |" name="| test.test.com |" time="0.739"/>
  <testcase classname="Scenario: User make order" name="Given I am an authenticated user with login &quot;test@migmail.pl&quot; and password &quot;test1&quot;" time="0"/>
  <testcase classname="Scenario: User make order" name="When I press Home page button" time="0.001"/>
  <testcase classname="Scenario: User make order" name="And I choose product" time="0"/>
  <testcase classname="Scenario: User make order" name="And I press AddToCart button" time="0"/>
  <testcase classname="Scenario: User make order" name="And I open Shopping Cart" time="0"/>
  <testcase classname="Scenario: User make order" name="And I am on  Shopping Cart Summary page" time="0"/>
  <testcase classname="Scenario: User make order" name="And I press ProceedToCheckout button" time="0"/>
  <testcase classname="Scenario: User make order" name="And I am on Addresses page" time="0"/>
  <testcase classname="Scenario: User make order" name="And I press Procced to chekout button" time="0"/>
  <testcase classname="Scenario: User make order" name="And I am on Shipping page" time="0"/>
  <testcase classname="Scenario: User make order" name="And I accept terms of service" time="0"/>
  <testcase classname="Scenario: User make order" name="And I am on Payment page" time="0"/>
  <testcase classname="Scenario: User make order" name="And I choose payment option" time="0"/>
  <testcase classname="Scenario: User make order" name="And I confirm my order" time="0"/>
  <testcase classname="Scenario: User make order" name="Then I should see confirmation message" time="0"/>
  <testcase classname="Scenario: User make order" name="Scenario: User make order" time="0.682"/>
  <testcase classname="Scenario: User&apos;s personal data in &quot;My personal information&quot; page is correct" name="Given I am on the login page" time="0.001"/>
  <testcase classname="Scenario: User&apos;s personal data in &quot;My personal information&quot; page is correct" name="When I authenticate to the application with login &quot;test@migmail.pl&quot; and password &quot;test1&quot;" time="0"/>
  <testcase classname="Scenario: User&apos;s personal data in &quot;My personal information&quot; page is correct" name="And I click MyPersonalInformation button" time="0"/>
  <testcase classname="Scenario: User&apos;s personal data in &quot;My personal information&quot; page is correct" name="Then I should see Your Personal Information form" time="0"/>
  <testcase classname="Scenario: User&apos;s personal data in &quot;My personal information&quot; page is correct" name="And First name filed should be filled with name &quot;Ann&quot;" time="0"/>
  <testcase classname="Scenario: User&apos;s personal data in &quot;My personal information&quot; page is correct" name="And Last name filed should be filled with name &quot;Johnson&quot;" time="0"/>
  <testcase classname="Scenario: User&apos;s personal data in &quot;My personal information&quot; page is correct" name="And E-mail address should be filled with email &quot;test@migmail.pl&quot;" time="0"/>
  <testcase classname="Scenario: User&apos;s personal data in &quot;My personal information&quot; page is correct" name="Scenario: User&apos;s personal data in &quot;My personal information&quot; page is correct" time="0.661"/>
</testsuite>